2022-11-10 00:48:00,184 Tropes_redirect INFO Redirect Found: AlternateCharacterInterpretation Redirect To AlternativeCharacterInterpretation
2022-11-10 00:49:47,537 Tropes_redirect INFO Redirect Found: EpilepticTree Redirect To EpilepticTrees
2022-11-10 00:50:27,769 Tropes_redirect INFO Redirect Found: FanWars Redirect To FandomRivalry
2022-11-10 00:51:44,218 Tropes_redirect INFO Redirect Found: HoYayShipping Redirect To {{HoYay}}
2022-11-10 00:52:51,976 Tropes_redirect INFO Redirect Found: MoeMoe Redirect To {{Moe}}
2022-11-10 00:53:02,629 Tropes_redirect INFO Redirect Found: NarrowedItDownToTheGuyIRecognise Redirect To NarrowedItDownToTheGuyIRecognize
2022-11-10 00:53:17,366 Tropes_redirect INFO Redirect Found: NightmareFail Redirect To NightmareRetardant
2022-11-10 00:53:41,084 Tropes_redirect INFO Redirect Found: OTP Redirect To OneTruePairing
2022-11-10 00:54:12,688 Tropes_redirect INFO Redirect Found: PortingDistillation Redirect To PolishedPort
2022-11-10 00:55:09,172 Tropes_redirect INFO Redirect Found: ShillingTheWesley Redirect To CreatorsPet
2022-11-10 00:56:11,477 Tropes_redirect INFO Redirect Found: TractoExCulo Redirect To AssPull
2022-11-10 03:50:13,728 Tropes_redirect INFO Redirect Found: HealthFood Redirect To HyperactiveMetabolism
2022-11-10 04:09:54,966 Tropes_redirect INFO Redirect Found: ChineseGirl Redirect To AnimeChineseGirl
2022-11-10 05:47:56,597 Tropes_redirect INFO Redirect Found: Claymation Redirect To StopMotion
2022-11-10 08:47:58,898 Tropes_redirect INFO Redirect Found: DogLatin Redirect To CanisLatinicus
2022-11-10 08:55:33,943 Tropes_redirect INFO Redirect Found: UST Redirect To UnresolvedSexualTension
2022-11-10 09:02:54,844 Tropes_redirect INFO Redirect Found: Chibi Redirect To SuperDeformed
2022-11-10 11:12:12,555 Tropes_redirect INFO Redirect Found: ChewToy Redirect To TheChewToy
2022-11-10 12:49:02,024 Tropes_redirect INFO Redirect Found: EnfanteTerrible Redirect To EnfantTerrible
2022-11-10 13:09:57,871 Tropes_redirect INFO Redirect Found: MechanicalLifeform Redirect To MechanicalLifeforms
2022-11-10 13:12:15,029 Tropes_redirect INFO Redirect Found: OVA Redirect To OriginalVideoAnimation
2022-11-10 15:30:27,217 Tropes_redirect INFO Redirect Found: ComedicSociopath Redirect To ComedicSociopathy
2022-11-10 17:53:05,878 Tropes_redirect INFO Redirect Found: IntangibleMan Redirect To {{Intangibility}}
2022-11-10 19:58:41,817 Tropes_redirect INFO Redirect Found: WanderingJew Redirect To FlyingDutchman
2022-11-10 20:38:16,974 Tropes_redirect INFO Redirect Found: DestructiveSavior Redirect To DestructiveSaviour
2022-11-10 21:21:19,731 Tropes_redirect INFO Redirect Found: Nanotech Redirect To {{Nanomachines}}
2022-11-10 21:33:35,951 Tropes_redirect INFO Redirect Found: Aesop Redirect To AnAesop
2022-11-11 00:53:52,359 Tropes_redirect INFO Redirect Found: HostageForMcGuffin Redirect To HostageForMacGuffin
2022-11-11 01:46:29,247 Tropes_redirect INFO Redirect Found: Kpop Redirect To KoreanPopMusic
2022-11-11 03:24:09,633 Tropes_redirect INFO Redirect Found: LittleBigBrother Redirect To BigLittleBrother
2022-11-11 04:02:20,842 Tropes_redirect INFO Redirect Found: InsurmountableWaistHighFence Redirect To InsurmountableWaistHeightFence
2022-11-11 05:22:06,972 Tropes_redirect INFO Redirect Found: Bowdlerization Redirect To {{Bowdlerise}}
